This is pdfTeX, Version 3.1415926-1.40.10 (TeX Live 2009/Debian) (format=pdflatex 2013.1.6)  3 APR 2013 23:39
entering extended mode
 Source specials enabled.
 %&-line parsing enabled.
**mythesis.tex
(./mythesis.tex
LaTeX2e <2009/09/24>
Babel <v3.8l> and hyphenation patterns for english, usenglishmax, dumylang, noh
yphenation, loaded.
(./thesis.cls
Document Class: thesis 2010/04/30

--------------------------------------------------------------
 +---+ Thesis Style (thesis.cls) version 1.11, April 2010
 +---+ for University of Colorado Ph.D. theses/dissertations.
 * Conforms to the University of Colorado at Boulder Graduate
 * School "SPECIFICATIONS for Preparation of Master's Thesis
 * and Doctoral Dissertations" (rev. April 2010).
--------------------------------------------------------------
 URL: http://www.colorado.edu/its/docs/latex/ThesisClass

(/usr/share/texmf-texlive/tex/latex/base/report.cls
Document Class: report 2007/10/19 v1.4h Standard LaTeX document class
(/usr/share/texmf-texlive/tex/latex/base/size12.clo
File: size12.clo 2007/10/19 v1.4h Standard LaTeX file (size option)
)
\c@part=\count79
\c@chapter=\count80
\c@section=\count81
\c@subsection=\count82
\c@subsubsection=\count83
\c@paragraph=\count84
\c@subparagraph=\count85
\c@figure=\count86
\c@table=\count87
\abovecaptionskip=\skip41
\belowcaptionskip=\skip42
\bibindent=\dimen102
)
(/usr/share/texmf-texlive/tex/latex/tools/indentfirst.sty
Package: indentfirst 1995/11/23 v1.03 Indent first paragraph (DPC)
)
(/usr/share/texmf-texlive/tex/latex/base/ifthen.sty
Package: ifthen 2001/05/26 v1.1c Standard LaTeX ifthen package (DPC)
)
(/usr/share/texmf-texlive/tex/latex/ltxmisc/ulem.sty
\UL@box=\box26
\UL@hyphenbox=\box27
\UL@skip=\skip43
\UL@hook=\toks14
\UL@pe=\count88
\UL@pixel=\dimen103
\ULC@box=\box28
Package: ulem 2000/05/26
\ULdepth=\dimen104
)
\c@th@SecNum=\count89
\c@th@SectionSave=\count90
\th@SubSubSecSpc=\skip44
\c@th@storepage=\count91
)
(/usr/share/texmf-texlive/tex/latex/amsfonts/amssymb.sty
Package: amssymb 2009/06/22 v3.00

(/usr/share/texmf-texlive/tex/latex/amsfonts/amsfonts.sty
Package: amsfonts 2009/06/22 v3.00 Basic AMSFonts support
\@emptytoks=\toks15
\symAMSa=\mathgroup4
\symAMSb=\mathgroup5
LaTeX Font Info:    Overwriting math alphabet `\mathfrak' in version `bold'
(Font)                  U/euf/m/n --> U/euf/b/n on input line 96.
))
(/usr/share/texmf-texlive/tex/latex/graphics/graphicx.sty
Package: graphicx 1999/02/16 v1.0f Enhanced LaTeX Graphics (DPC,SPQR)

(/usr/share/texmf-texlive/tex/latex/graphics/keyval.sty
Package: keyval 1999/03/16 v1.13 key=value parser (DPC)
\KV@toks@=\toks16
)
(/usr/share/texmf-texlive/tex/latex/graphics/graphics.sty
Package: graphics 2009/02/05 v1.0o Standard LaTeX Graphics (DPC,SPQR)

(/usr/share/texmf-texlive/tex/latex/graphics/trig.sty
Package: trig 1999/03/16 v1.09 sin cos tan (DPC)
)
(/etc/texmf/tex/latex/config/graphics.cfg
File: graphics.cfg 2009/08/28 v1.8 graphics configuration of TeX Live
)
Package graphics Info: Driver file: pdftex.def on input line 91.

(/usr/share/texmf-texlive/tex/latex/pdftex-def/pdftex.def
File: pdftex.def 2010/03/12 v0.04p Graphics/color for pdfTeX
\Gread@gobject=\count92
))
\Gin@req@height=\dimen105
\Gin@req@width=\dimen106
)
Putting page number on short ToC
Putting page number on short LoF
Putting page number on short LoT
(./mythesis.aux)
\openout1 = `mythesis.aux'.

LaTeX Font Info:    Checking defaults for OML/cmm/m/it on input line 108.
LaTeX Font Info:    ... okay on input line 108.
LaTeX Font Info:    Checking defaults for T1/cmr/m/n on input line 108.
LaTeX Font Info:    ... okay on input line 108.
LaTeX Font Info:    Checking defaults for OT1/cmr/m/n on input line 108.
LaTeX Font Info:    ... okay on input line 108.
LaTeX Font Info:    Checking defaults for OMS/cmsy/m/n on input line 108.
LaTeX Font Info:    ... okay on input line 108.
LaTeX Font Info:    Checking defaults for OMX/cmex/m/n on input line 108.
LaTeX Font Info:    ... okay on input line 108.
LaTeX Font Info:    Checking defaults for U/cmr/m/n on input line 108.
LaTeX Font Info:    ... okay on input line 108.
 (/usr/share/texmf-texlive/tex/context/base/supp-pdf.mkii
[Loading MPS to PDF converter (version 2006.09.02).]
\scratchcounter=\count93
\scratchdimen=\dimen107
\scratchbox=\box29
\nofMPsegments=\count94
\nofMParguments=\count95
\everyMPshowfont=\toks17
\MPscratchCnt=\count96
\MPscratchDim=\dimen108
\MPnumerator=\count97
\everyMPtoPDFconversion=\toks18
)
Making Title Page

! Class thesis Error:  You must specify other degrees you hold!.

See the thesis class documentation for explanation.
Type  H <return>  for immediate help.
 ...                                              
                                                  
l.108 \begin{document}
                      
Use the \otherdegrees{} command in the 
preamble. Break each line using the \\ 
command.


! LaTeX Error: There's no line here to end.

See the LaTeX manual or LaTeX Companion for explanation.
Type  H <return>  for immediate help.
 ...                                              
                                                  
l.108 \begin{document}
                      
Your command was ignored.
Type  I <command> <return>  to replace it with another command,
or  <return>  to continue without it.

Making Approval Page
[1


{/var/lib/texmf/fonts/map/pdftex/updmap/pdftex.map}]
Making Abstract Page
[2

]

! LaTeX Error: There's no line here to end.

See the LaTeX manual or LaTeX Companion for explanation.
Type  H <return>  for immediate help.
 ...                                              
                                                  
l.108 \begin{document}
                      
Your command was ignored.
Type  I <command> <return>  to replace it with another command,
or  <return>  to continue without it.

Making Dedication Page
[3

]
centered
Making Acknowledgement Page
[4


]
centered
Making ToC Page
Making Short ToC...
[5


] [6]
centered
Short Chapter (page numbered)
(./mythesis.toc
LaTeX Font Info:    Try loading font information for U+msa on input line 3.
 (/usr/share/texmf-texlive/tex/latex/amsfonts/umsa.fd
File: umsa.fd 2009/06/22 v3.00 AMS symbols A
)
LaTeX Font Info:    Try loading font information for U+msb on input line 3.

(/usr/share/texmf-texlive/tex/latex/amsfonts/umsb.fd
File: umsb.fd 2009/06/22 v3.00 AMS symbols B
))
\tf@toc=\write3
\openout3 = `mythesis.toc'.


Making LoT Page
Making Short LoT...
[7

]
centered
Short Chapter (page numbered)
(./mythesis.lot)
\tf@lot=\write4
\openout4 = `mythesis.lot'.


Making LoF Page
Making Short LoF...
[8

]
centered
Short Chapter (page numbered)
(./mythesis.lof)
\tf@lof=\write5
\openout5 = `mythesis.lof'.




-------------------Beginning Body----------------------


[9

] (./macros.tex
\c@th@theorem=\count98
) (./chapter1.tex

! LaTeX Error: Can be used only in preamble.

See the LaTeX manual or LaTeX Companion for explanation.
Type  H <return>  for immediate help.
 ...                                              
                                                  
l.1 \usepackage
               {parskip}
Your command was ignored.
Type  I <command> <return>  to replace it with another command,
or  <return>  to continue without it.

[1

]
 \th@ChapterStyle\th@DoChapCenterChapter \th@ChapterStyle 1.
centered
Missing character: There is no ‚ in font cmr12!
Missing character: There is no Ä in font cmr12!
Missing character: There is no ú in font cmr12!
Missing character: There is no ‚ in font cmr12!
Missing character: There is no Ä in font cmr12!
Missing character: There is no ù in font cmr12!
<Rplot.pdf, id=36, 970.57626pt x 506.21703pt>
File: Rplot.pdf Graphic file (type pdf)
 <use Rplot.pdf> [2

] [3 <./Rplot.pdf>]

LaTeX Warning: File `figs/cyl.pdf' not found on input line 78.


! Package pdftex.def Error: File `figs/cyl.pdf' not found.

See the pdftex.def package documentation for explanation.
Type  H <return>  for immediate help.
 ...                                              
                                                  
l.78 	\includegraphics[width=100mm]{figs/cyl.pdf}
                                                 
Using draft setting for this image.
Try typing  <return>  to proceed.
If that doesn't work, type  X <return>  to quit.

LaTeX Font Info:    Try loading font information for OMS+cmr on input line 97.
(/usr/share/texmf-texlive/tex/latex/base/omscmr.fd
File: omscmr.fd 1999/05/25 v2.5h Standard LaTeX font definitions
)
LaTeX Font Info:    Font shape `OMS/cmr/m/n' in size <12> not available
(Font)              Font shape `OMS/cmsy/m/n' tried instead on input line 97.
 [4] [5]

LaTeX Warning: Citation `taum' on page 6 undefined on input line 140.


LaTeX Warning: Citation `lao:paper' on page 6 undefined on input line 141.

! Undefined control sequence.
l.143 source file \refs
                       .bib.
The control sequence at the end of the top line
of your error message was never \def'ed. If you have
misspelled it (e.g., `\hobx'), type `I' and the correct
spelling (e.g., `I\hbox'). Otherwise just continue,
and I'll forget about whatever was undefined.

) (./chapter2.tex [6] [7]
 \th@ChapterStyle\th@DoChapCenterChapter \th@ChapterStyle 2.
centered
[8

]

LaTeX Warning: File `figs/pyr.pdf' not found on input line 64.


! Package pdftex.def Error: File `figs/pyr.pdf' not found.

See the pdftex.def package documentation for explanation.
Type  H <return>  for immediate help.
 ...                                              
                                                  
l.64 	\includegraphics[width=90mm]{figs/pyr.pdf}
                                                
Using draft setting for this image.
Try typing  <return>  to proceed.
If that doesn't work, type  X <return>  to quit.


Overfull \hbox (53.45818pt too wide) in paragraph at lines 81--84
[][]\OT1/cmr/m/n/12 And now, here is an ex-am-ple of us-ing the macros []\OT1/c
mtt/m/n/12 \begin{singlespace} \OT1/cmr/m/n/12 and []\OT1/cmtt/m/n/12 \end{sing
lespace}\OT1/cmr/m/n/12 ;
 []

[9] [10]

LaTeX Warning: File `figs/tableD.pdf' not found on input line 113.


! Package pdftex.def Error: File `figs/tableD.pdf' not found.

See the pdftex.def package documentation for explanation.
Type  H <return>  for immediate help.
 ...                                              
                                                  
l.113 ...degraphics[width=5.45in]{figs/tableD.pdf}
                                                  
Using draft setting for this image.
Try typing  <return>  to proceed.
If that doesn't work, type  X <return>  to quit.


LaTeX Warning: Citation `mulick' on page 11 undefined on input line 133.


LaTeX Warning: Citation `baylor' on page 11 undefined on input line 133.

[11] [12] [13] [14] [15])
No file mythesis.bbl.
(./appendixA.tex [16] [17]
 \th@ChapterStyle\th@DoChapCenterAppendix \th@ChapterStyle A.
centered
[18

] [19]) (./appendixB.tex [20]
 \th@ChapterStyle\th@DoChapCenterAppendix \th@ChapterStyle B.
centered
[21

]) [22] (./mythesis.aux)

LaTeX Warning: There were undefined references.

 ) 
Here is how much of TeX's memory you used:
 1709 strings out of 495061
 20997 string characters out of 1182622
 83107 words of memory out of 3000000
 4863 multiletter control sequences out of 15000+50000
 13356 words of font info for 52 fonts, out of 3000000 for 9000
 28 hyphenation exceptions out of 8191
 27i,13n,28p,664b,326s stack positions out of 5000i,500n,10000p,200000b,50000s
</usr/share/texmf-texlive/fonts/type1/public/amsfonts/cm/cmbx12.pfb></usr/sha
re/texmf-texlive/fonts/type1/public/amsfonts/cm/cmex10.pfb></usr/share/texmf-te
xlive/fonts/type1/public/amsfonts/cm/cmmi12.pfb></usr/share/texmf-texlive/fonts
/type1/public/amsfonts/cm/cmmi8.pfb></usr/share/texmf-texlive/fonts/type1/publi
c/amsfonts/cm/cmr10.pfb></usr/share/texmf-texlive/fonts/type1/public/amsfonts/c
m/cmr12.pfb></usr/share/texmf-texlive/fonts/type1/public/amsfonts/cm/cmr7.pfb><
/usr/share/texmf-texlive/fonts/type1/public/amsfonts/cm/cmr8.pfb></usr/share/te
xmf-texlive/fonts/type1/public/amsfonts/cm/cmsy10.pfb></usr/share/texmf-texlive
/fonts/type1/public/amsfonts/cm/cmsy8.pfb></usr/share/texmf-texlive/fonts/type1
/public/amsfonts/cm/cmtt12.pfb>
Output written on mythesis.pdf (31 pages, 229725 bytes).
PDF statistics:
 182 PDF objects out of 1000 (max. 8388607)
 0 named destinations out of 1000 (max. 500000)
 6 words of extra memory for PDF output out of 10000 (max. 10000000)

